[2018-07-07 02:06:58] Текст ошибки: Страница не найдена | файл: C:\LocalServer\OSPanel\domains\myshop.loc\public\index.php | Строка: 8
============================
[2018-07-07 02:06:58] Текст ошибки: Страница не найдена | файл: C:\LocalServer\OSPanel\domains\myshop.loc\public\index.php | Строка: 8
============================
[2018-07-07 02:07:43] Текст ошибки: Страница не найдена | файл: C:\LocalServer\OSPanel\domains\myshop.loc\public\index.php | Строка: 8
============================
[2018-07-07 02:07:57] Текст ошибки: Страница не найдена | файл: C:\LocalServer\OSPanel\domains\myshop.loc\public\index.php | Строка: 8
============================
[2018-07-07 02:08:43] Текст ошибки: Страница не найдена | файл: C:\LocalServer\OSPanel\domains\myshop.loc\public\index.php | Строка: 8
============================
[2018-07-07 02:08:43] Текст ошибки: Страница не найдена | файл: C:\LocalServer\OSPanel\domains\myshop.loc\public\index.php | Строка: 8
============================
[2018-07-07 02:08:44] Текст ошибки: Страница не найдена | файл: C:\LocalServer\OSPanel\domains\myshop.loc\public\index.php | Строка: 8
============================
[2018-07-07 02:08:44] Текст ошибки: Страница не найдена | файл: C:\LocalServer\OSPanel\domains\myshop.loc\public\index.php | Строка: 8
============================
[2018-07-07 02:08:44] Текст ошибки: Страница не найдена | файл: C:\LocalServer\OSPanel\domains\myshop.loc\public\index.php | Строка: 8
============================
[2018-07-07 02:08:55] Текст ошибки: Страница не найдена | файл: C:\LocalServer\OSPanel\domains\myshop.loc\public\index.php | Строка: 8
============================
[2018-07-07 02:09:28] Текст ошибки: Страница не найдена | файл: C:\LocalServer\OSPanel\domains\myshop.loc\public\index.php | Строка: 8
============================
[2018-07-07 02:09:29] Текст ошибки: Страница не найдена | файл: C:\LocalServer\OSPanel\domains\myshop.loc\public\index.php | Строка: 8
============================
[2018-07-07 02:09:31] Текст ошибки: Страница не найдена | файл: C:\LocalServer\OSPanel\domains\myshop.loc\public\index.php | Строка: 8
============================
[2018-07-07 02:09:31] Текст ошибки: Страница не найдена | файл: C:\LocalServer\OSPanel\domains\myshop.loc\public\index.php | Строка: 8
============================
[2018-07-07 02:09:32] Текст ошибки: Страница не найдена | файл: C:\LocalServer\OSPanel\domains\myshop.loc\public\index.php | Строка: 8
============================
[2018-07-07 02:09:32] Текст ошибки: Страница не найдена | файл: C:\LocalServer\OSPanel\domains\myshop.loc\public\index.php | Строка: 8
============================
[2018-07-07 02:09:32] Текст ошибки: Страница не найдена | файл: C:\LocalServer\OSPanel\domains\myshop.loc\public\index.php | Строка: 8
============================
[2018-07-07 02:09:32] Текст ошибки: Страница не найдена | файл: C:\LocalServer\OSPanel\domains\myshop.loc\public\index.php | Строка: 8
============================
[2018-07-07 02:09:32] Текст ошибки: Страница не найдена | файл: C:\LocalServer\OSPanel\domains\myshop.loc\public\index.php | Строка: 8
============================
[2018-07-07 02:09:33] Текст ошибки: Страница не найдена | файл: C:\LocalServer\OSPanel\domains\myshop.loc\public\index.php | Строка: 8
============================
[2018-07-07 02:09:33] Текст ошибки: Страница не найдена | файл: C:\LocalServer\OSPanel\domains\myshop.loc\public\index.php | Строка: 8
============================
[2018-07-07 02:09:34] Текст ошибки: Страница не найдена | файл: C:\LocalServer\OSPanel\domains\myshop.loc\public\index.php | Строка: 8
============================
[2018-07-07 02:09:34] Текст ошибки: Страница не найдена | файл: C:\LocalServer\OSPanel\domains\myshop.loc\public\index.php | Строка: 8
============================
[2018-07-07 02:09:34] Текст ошибки: Страница не найдена | файл: C:\LocalServer\OSPanel\domains\myshop.loc\public\index.php | Строка: 8
============================
[2018-07-07 02:09:35] Текст ошибки: Страница не найдена | файл: C:\LocalServer\OSPanel\domains\myshop.loc\public\index.php | Строка: 8
============================
[2018-07-07 02:09:35] Текст ошибки: Страница не найдена | файл: C:\LocalServer\OSPanel\domains\myshop.loc\public\index.php | Строка: 8
============================
[2018-07-07 02:09:35] Текст ошибки: Страница не найдена | файл: C:\LocalServer\OSPanel\domains\myshop.loc\public\index.php | Строка: 8
============================
[2018-07-07 02:09:35] Текст ошибки: Страница не найдена | файл: C:\LocalServer\OSPanel\domains\myshop.loc\public\index.php | Строка: 8
============================
[2018-07-07 02:09:36] Текст ошибки: Страница не найдена | файл: C:\LocalServer\OSPanel\domains\myshop.loc\public\index.php | Строка: 8
============================
[2018-07-07 02:09:59] Текст ошибки: Страница не найдена | файл: C:\LocalServer\OSPanel\domains\myshop.loc\public\index.php | Строка: 8
============================
[2018-07-07 02:11:54] Текст ошибки: Страница не найдена | файл: C:\LocalServer\OSPanel\domains\myshop.loc\public\index.php | Строка: 8
============================
[2018-07-07 02:11:55] Текст ошибки: Страница не найдена | файл: C:\LocalServer\OSPanel\domains\myshop.loc\public\index.php | Строка: 8
============================
[2018-07-07 02:11:55] Текст ошибки: Страница не найдена | файл: C:\LocalServer\OSPanel\domains\myshop.loc\public\index.php | Строка: 8
============================
[2018-07-07 02:12:25] Текст ошибки: Страница не найдена | файл: C:\LocalServer\OSPanel\domains\myshop.loc\public\index.php | Строка: 8
============================
[2018-07-07 02:12:42] Текст ошибки: Страница не найдена | файл: C:\LocalServer\OSPanel\domains\myshop.loc\public\index.php | Строка: 8
============================
[2018-07-07 02:12:44] Текст ошибки: Страница не найдена | файл: C:\LocalServer\OSPanel\domains\myshop.loc\public\index.php | Строка: 8
============================
[2018-07-07 02:12:52] Текст ошибки: Страница не найдена | файл: C:\LocalServer\OSPanel\domains\myshop.loc\public\index.php | Строка: 8
============================
[2018-07-07 02:12:58] Текст ошибки: Страница не найдена | файл: C:\LocalServer\OSPanel\domains\myshop.loc\public\index.php | Строка: 8
============================
[2018-07-07 02:14:16] Текст ошибки: Страница не найдена | файл: C:\LocalServer\OSPanel\domains\myshop.loc\public\index.php | Строка: 8
============================
[2018-07-07 02:14:49] Текст ошибки: Страница не найдена | файл: C:\LocalServer\OSPanel\domains\myshop.loc\public\index.php | Строка: 8
============================
[2018-07-07 02:15:01] Текст ошибки: Страница не найдена | файл: C:\LocalServer\OSPanel\domains\myshop.loc\public\index.php | Строка: 8
============================
[2018-07-07 02:15:15] Текст ошибки: Страница не найдена | файл: C:\LocalServer\OSPanel\domains\myshop.loc\public\index.php | Строка: 8
============================
[2018-07-07 02:15:48] Текст ошибки: Страница не найдена | файл: C:\LocalServer\OSPanel\domains\myshop.loc\public\index.php | Строка: 8
============================
[2018-07-07 02:28:39] Текст ошибки: Страница не найдена | файл: C:\LocalServer\OSPanel\domains\myshop.loc\public\index.php | Строка: 8
============================
[2018-07-07 02:29:14] Текст ошибки: Страница не найдена | файл: C:\LocalServer\OSPanel\domains\myshop.loc\public\index.php | Строка: 8
============================
[2018-07-07 02:29:25] Текст ошибки: Страница не найдена | файл: C:\LocalServer\OSPanel\domains\myshop.loc\public\index.php | Строка: 8
============================
[2018-07-07 02:29:35] Текст ошибки: Страница не найдена | файл: C:\LocalServer\OSPanel\domains\myshop.loc\public\index.php | Строка: 8
============================
[2018-07-07 02:29:38] Текст ошибки: Страница не найдена | файл: C:\LocalServer\OSPanel\domains\myshop.loc\public\index.php | Строка: 8
============================
[2018-07-07 02:32:57] Текст ошибки: Страница не найдена | файл: C:\LocalServer\OSPanel\domains\myshop.loc\public\index.php | Строка: 8
============================
[2018-07-07 02:33:05] Текст ошибки: Страница не найдена | файл: C:\LocalServer\OSPanel\domains\myshop.loc\public\index.php | Строка: 8
============================
[2018-07-07 20:19:52] Текст ошибки: Страница не найдена | файл: C:\LocalServer\OSPanel\domains\myshop.loc\vendor\ishop\core\Router.php | Строка: 28
============================
[2018-07-07 20:20:26] Текст ошибки: Страница не найдена | файл: C:\LocalServer\OSPanel\domains\myshop.loc\vendor\ishop\core\Router.php | Строка: 28
============================
[2018-07-07 21:37:07] Текст ошибки: Контроллер app\controllers\PageNewController не найден | файл: C:\LocalServer\OSPanel\domains\myshop.loc\vendor\ishop\core\Router.php | Строка: 32
============================
[2018-07-07 21:37:08] Текст ошибки: Контроллер app\controllers\PageNewController не найден | файл: C:\LocalServer\OSPanel\domains\myshop.loc\vendor\ishop\core\Router.php | Строка: 32
============================
[2018-07-07 21:38:37] Текст ошибки: Class 'app\controllers\PageNewController' not found | файл: C:\LocalServer\OSPanel\domains\myshop.loc\vendor\ishop\core\Router.php | Строка: 28
============================
[2018-07-07 21:38:38] Текст ошибки: Class 'app\controllers\PageNewController' not found | файл: C:\LocalServer\OSPanel\domains\myshop.loc\vendor\ishop\core\Router.php | Строка: 28
============================
[2018-07-07 21:38:38] Текст ошибки: Class 'app\controllers\PageNewController' not found | файл: C:\LocalServer\OSPanel\domains\myshop.loc\vendor\ishop\core\Router.php | Строка: 28
============================
[2018-07-07 21:40:35] Текст ошибки: Контроллер app\controllers\PageNewController не найден | файл: C:\LocalServer\OSPanel\domains\myshop.loc\vendor\ishop\core\Router.php | Строка: 36
============================
[2018-07-07 21:40:47] Текст ошибки: Контроллер app\controllers\MainController не найден | файл: C:\LocalServer\OSPanel\domains\myshop.loc\vendor\ishop\core\Router.php | Строка: 36
============================
[2018-07-07 21:41:30] Текст ошибки: Метод app\controllers\MainController::indexAction не найден | файл: C:\LocalServer\OSPanel\domains\myshop.loc\vendor\ishop\core\Router.php | Строка: 33
============================
[2018-07-07 23:45:37] Текст ошибки: Метод app\controllers\PageController::actionAction не найден | файл: C:\LocalServer\OSPanel\domains\myshop.loc\vendor\ishop\core\Router.php | Строка: 34
============================
[2018-07-07 23:45:43] Текст ошибки: Метод app\controllers\PageController::actionAction не найден | файл: C:\LocalServer\OSPanel\domains\myshop.loc\vendor\ishop\core\Router.php | Строка: 34
============================
[2018-07-08 00:37:39] Текст ошибки: Страница не найдена | файл: C:\LocalServer\OSPanel\domains\myshop.loc\vendor\ishop\core\Router.php | Строка: 40
============================
[2018-07-08 00:46:34] Текст ошибки: Не найден вид C:\LocalServer\OSPanel\domains\myshop.loc/app/views//.php | файл: C:\LocalServer\OSPanel\domains\myshop.loc\vendor\ishop\core\base\View.php | Строка: 41
============================
[2018-07-08 00:48:09] Текст ошибки: Не найден вид C:\LocalServer\OSPanel\domains\myshop.loc/app/views//.php | файл: C:\LocalServer\OSPanel\domains\myshop.loc\vendor\ishop\core\base\View.php | Строка: 41
============================
[2018-07-08 00:48:35] Текст ошибки: Не найден вид C:\LocalServer\OSPanel\domains\myshop.loc/app/views//.php | файл: C:\LocalServer\OSPanel\domains\myshop.loc\vendor\ishop\core\base\View.php | Строка: 41
============================
[2018-07-08 01:29:10] Текст ошибки: Не найден вид C:\LocalServer\OSPanel\domains\myshop.loc/app/views//.php | файл: C:\LocalServer\OSPanel\domains\myshop.loc\vendor\ishop\core\base\View.php | Строка: 41
============================
[2018-07-08 01:29:11] Текст ошибки: Не найден вид C:\LocalServer\OSPanel\domains\myshop.loc/app/views//.php | файл: C:\LocalServer\OSPanel\domains\myshop.loc\vendor\ishop\core\base\View.php | Строка: 41
============================
[2018-07-08 01:29:16] Текст ошибки: Не найден вид C:\LocalServer\OSPanel\domains\myshop.loc/app/views//.php | файл: C:\LocalServer\OSPanel\domains\myshop.loc\vendor\ishop\core\base\View.php | Строка: 41
============================
[2018-07-08 01:29:16] Текст ошибки: Не найден вид C:\LocalServer\OSPanel\domains\myshop.loc/app/views//.php | файл: C:\LocalServer\OSPanel\domains\myshop.loc\vendor\ishop\core\base\View.php | Строка: 41
============================
[2018-07-08 01:29:22] Текст ошибки: Class 'ishop\base\Db' not found | файл: C:\LocalServer\OSPanel\domains\myshop.loc\vendor\ishop\core\base\Model.php | Строка: 14
============================
